# JRE version: Java(TM) SE Runtime Environment (17.0.8+9) (build 17.0.8+9-LTS-211)
# Java VM: Java HotSpot(TM) 64-Bit Server VM (17.0.8+9-LTS-211, mixed mode, sharing, tiered, compressed oops, compressed class ptrs, g1 gc, windows-amd64)
GC Precious Log:
 CPUs: 4 total, 4 available
 Memory: 7991M
 Large Page Support: Disabled
 NUMA Support: Disabled
 Compressed Oops: Enabled (32-bit)
 Heap Region Size: 1M
 Heap Min Capacity: 8M
 Heap Initial Capacity: 126M
 Heap Max Capacity: 1998M
 Pre-touch: Disabled
 Parallel Workers: 4
 Concurrent Workers: 1
 Concurrent Refinement Workers: 4
 Periodic GC: Disabled
Heap:
 garbage-first heap   total 78848K, used 42505K [0x0000000083200000, 0x0000000100000000)
  region size 1024K, 19 young (19456K), 3 survivors (3072K)
 Metaspace       used 59305K, committed 59648K, reserved 1114112K
  class space    used 7716K, committed 7872K, reserved 1048576K
GC Heap History (20 events):
Event: 7.935 GC heap before
{Heap before GC invocations=8 (full 0):
 garbage-first heap   total 48128K, used 33603K [0x0000000083200000, 0x0000000100000000)
  region size 1024K, 20 young (20480K), 2 survivors (2048K)
 Metaspace       used 35192K, committed 35520K, reserved 1114112K
  class space    used 4612K, committed 4736K, reserved 1048576K
}
Event: 7.939 GC heap after
{Heap after GC invocations=9 (full 0):
 garbage-first heap   total 48128K, used 17340K [0x0000000083200000, 0x0000000100000000)
  region size 1024K, 3 young (3072K), 3 survivors (3072K)
 Metaspace       used 35192K, committed 35520K, reserved 1114112K
  class space    used 4612K, committed 4736K, reserved 1048576K
}
Event: 7.994 GC heap before
{Heap before GC invocations=9 (full 0):
 garbage-first heap   total 48128K, used 18364K [0x0000000083200000, 0x0000000100000000)
  region size 1024K, 5 young (5120K), 3 survivors (3072K)
 Metaspace       used 35668K, committed 35968K, reserved 1114112K
  class space    used 4678K, committed 4864K, reserved 1048576K
}
Event: 7.999 GC heap after
{Heap after GC invocations=10 (full 0):
 garbage-first heap   total 48128K, used 17856K [0x0000000083200000, 0x0000000100000000)
  region size 1024K, 2 young (2048K), 2 survivors (2048K)
 Metaspace       used 35668K, committed 35968K, reserved 1114112K
  class space    used 4678K, committed 4864K, reserved 1048576K
}
Event: 9.183 GC heap before
{Heap before GC invocations=11 (full 0):
 garbage-first heap   total 48128K, used 36288K [0x0000000083200000, 0x0000000100000000)
  region size 1024K, 20 young (20480K), 2 survivors (2048K)
 Metaspace       used 43007K, committed 43392K, reserved 1114112K
  class space    used 5591K, committed 5760K, reserved 1048576K
}
Event: 9.188 GC heap after
{Heap after GC invocations=12 (full 0):
 garbage-first heap   total 48128K, used 19630K [0x0000000083200000, 0x0000000100000000)
  region size 1024K, 3 young (3072K), 3 survivors (3072K)
 Metaspace       used 43007K, committed 43392K, reserved 1114112K
  class space    used 5591K, committed 5760K, reserved 1048576K
}
Event: 9.227 GC heap before
{Heap before GC invocations=12 (full 0):
 garbage-first heap   total 48128K, used 19630K [0x0000000083200000, 0x0000000100000000)
  region size 1024K, 4 young (4096K), 3 survivors (3072K)
 Metaspace       used 43256K, committed 43584K, reserved 1114112K
  class space    used 5631K, committed 5760K, reserved 1048576K
}
Event: 9.232 GC heap after
{Heap after GC invocations=13 (full 0):
 garbage-first heap   total 48128K, used 19397K [0x0000000083200000, 0x0000000100000000)
  region size 1024K, 1 young (1024K), 1 survivors (1024K)
 Metaspace       used 43256K, committed 43584K, reserved 1114112K
  class space    used 5631K, committed 5760K, reserved 1048576K
}
Event: 9.774 GC heap before
{Heap before GC invocations=13 (full 0):
 garbage-first heap   total 48128K, used 35781K [0x0000000083200000, 0x0000000100000000)
  region size 1024K, 17 young (17408K), 1 survivors (1024K)
 Metaspace       used 46910K, committed 47232K, reserved 1114112K
  class space    used 6227K, committed 6400K, reserved 1048576K
}
Event: 9.779 GC heap after
{Heap after GC invocations=14 (full 0):
 garbage-first heap   total 102400K, used 19956K [0x0000000083200000, 0x0000000100000000)
  region size 1024K, 1 young (1024K), 1 survivors (1024K)
 Metaspace       used 46910K, committed 47232K, reserved 1114112K
  class space    used 6227K, committed 6400K, reserved 1048576K
}
Event: 11.587 GC heap before
{Heap before GC invocations=14 (full 0):
 garbage-first heap   total 102400K, used 75252K [0x0000000083200000, 0x0000000100000000)
  region size 1024K, 55 young (56320K), 1 survivors (1024K)
 Metaspace       used 54512K, committed 54912K, reserved 1114112K
  class space    used 7240K, committed 7424K, reserved 1048576K
}
Event: 11.598 GC heap after
{Heap after GC invocations=15 (full 0):
 garbage-first heap   total 102400K, used 24263K [0x0000000083200000, 0x0000000100000000)
  region size 1024K, 6 young (6144K), 6 survivors (6144K)
 Metaspace       used 54512K, committed 54912K, reserved 1114112K
  class space    used 7240K, committed 7424K, reserved 1048576K
}
Event: 1425.320 GC heap before
{Heap before GC invocations=15 (full 0):
 garbage-first heap   total 102400K, used 75463K [0x0000000083200000, 0x0000000100000000)
  region size 1024K, 57 young (58368K), 6 survivors (6144K)
 Metaspace       used 55234K, committed 55616K, reserved 1114112K
  class space    used 7305K, committed 7488K, reserved 1048576K
}
Event: 1425.375 GC heap after
{Heap after GC invocations=16 (full 0):
 garbage-first heap   total 102400K, used 25079K [0x0000000083200000, 0x0000000100000000)
  region size 1024K, 1 young (1024K), 1 survivors (1024K)
 Metaspace       used 55234K, committed 55616K, reserved 1114112K
  class space    used 7305K, committed 7488K, reserved 1048576K
}
Event: 2112.341 GC heap before
{Heap before GC invocations=16 (full 0):
 garbage-first heap   total 102400K, used 67063K [0x0000000083200000, 0x0000000100000000)
  region size 1024K, 43 young (44032K), 1 survivors (1024K)
 Metaspace       used 58285K, committed 58688K, reserved 1114112K
  class space    used 7685K, committed 7872K, reserved 1048576K
}
Event: 2112.801 GC heap after
{Heap after GC invocations=17 (full 1):
 garbage-first heap   total 78848K, used 22061K [0x0000000083200000, 0x0000000100000000)
  region size 1024K, 0 young (0K), 0 survivors (0K)
 Metaspace       used 58285K, committed 58688K, reserved 1114112K
  class space    used 7685K, committed 7872K, reserved 1048576K
}
Event: 2115.025 GC heap before
{Heap before GC invocations=17 (full 1):
 garbage-first heap   total 78848K, used 59949K [0x0000000083200000, 0x0000000100000000)
  region size 1024K, 37 young (37888K), 0 survivors (0K)
 Metaspace       used 58683K, committed 59008K, reserved 1114112K
  class space    used 7700K, committed 7872K, reserved 1048576K
}
Event: 2115.037 GC heap after
{Heap after GC invocations=18 (full 1):
 garbage-first heap   total 78848K, used 25245K [0x0000000083200000, 0x0000000100000000)
  region size 1024K, 4 young (4096K), 4 survivors (4096K)
 Metaspace       used 58683K, committed 59008K, reserved 1114112K
  class space    used 7700K, committed 7872K, reserved 1048576K
}
Event: 2326.255 GC heap before
{Heap before GC invocations=18 (full 1):
 garbage-first heap   total 78848K, used 59037K [0x0000000083200000, 0x0000000100000000)
  region size 1024K, 38 young (38912K), 4 survivors (4096K)
 Metaspace       used 59272K, committed 59648K, reserved 1114112K
  class space    used 7716K, committed 7872K, reserved 1048576K
}
Event: 2326.355 GC heap after
{Heap after GC invocations=19 (full 1):
 garbage-first heap   total 78848K, used 27145K [0x0000000083200000, 0x0000000100000000)
  region size 1024K, 3 young (3072K), 3 survivors (3072K)
 Metaspace       used 59272K, committed 59648K, reserved 1114112K
  class space    used 7716K, committed 7872K, reserved 1048576K
}

